#
# A fatal error has been detected by the Java Runtime Environment:
#
#  EXCEPTION_ACCESS_VIOLATION (0xc0000005) at pc=0x558cf505, pid=17972, tid=0x000036b8
#
# JRE version: OpenJDK Runtime Environment (8.0_152-b01) (build 1.8.0_152-release-915-b01)
# Java VM: OpenJDK Server VM (25.152-b01 mixed mode windows-x86 )
# Problematic frame:
# C  0x558cf505
#
# Failed to write core dump. Minidumps are not enabled by default on client versions of Windows
#
# If you would like to submit a bug report, please visit:
#   http://bugreport.java.com/bugreport/crash.jsp
# The crash happened outside the Java Virtual Machine in native code.
# See problematic frame for where to report the bug.
#

---------------  T H R E A D  ---------------

Current thread (0x538b0800):  JavaThread "Daemon worker Thread 3" [_thread_in_native, id=14008, stack(0x56750000,0x567a0000)]

siginfo: ExceptionCode=0xc0000005, writing address 0x00000004

Registers:
EAX=0x00000004, EBX=0x538b0930, ECX=0x00000000, EDX=0x52915f44
ESP=0x5679ca88, EBP=0x5679cab8, ESI=0x5679cad8, EDI=0x531c85d8
EIP=0x558cf505, EFLAGS=0x00010202

Top of Stack: (sp=0x5679ca88)
0x5679ca88:   5679cb68 00000000 523ccbb4 523ccc7c
0x5679ca98:   55712520 00000000 00000002 55326ce4
0x5679caa8:   58f9e8a8 58f9e8a8 5679cae4 5679caf0
0x5679cab8:   5679cb18 6396753d 558cf5a0 553268f0
0x5679cac8:   553268f8 55326ce4 000003ec 01a2bfc2
0x5679cad8:   00000000 00000000 00000000 5679cb0c
0x5679cae8:   52000620 538b0800 00000006 00000008
0x5679caf8:   538b0800 58f9e8a0 58f9e8a8 58f9e8a8 

Instructions: (pc=0x558cf505)
0x558cf4e5:   ff ff ff ec f4 8c 55 61 6c 69 7a 61 62 6c 65 00
0x558cf4f5:   b1 73 50 09 61 a5 1a 63 74 00 88 05 00 00 00 00
0x558cf505:   00 00 00 5c 40 24 53 00 00 00 00 00 00 00 00 00
0x558cf515:   00 00 00 35 61 a5 1a 28 29 00 8c 00 00 00 00 ff 


Register to memory mapping:

EAX=0x00000004 is an unknown value
EBX=0x538b0930 is an unknown value
ECX=0x00000000 is an unknown value
EDX=0x52915f44 is an unknown value
ESP=0x5679ca88 is pointing into the stack for thread: 0x538b0800
EBP=0x5679cab8 is pointing into the stack for thread: 0x538b0800
ESI=0x5679cad8 is pointing into the stack for thread: 0x538b0800
EDI=0x531c85d8 is an unknown value


Stack: [0x56750000,0x567a0000],  sp=0x5679ca88,  free space=306k
Native frames: (J=compiled Java code, j=interpreted, Vv=VM code, C=native code)
C  0x558cf505
C  [libaapt2_jni.dll+0x2753d]
j  com.android.tools.aapt2.Aapt2Jni.nativeCompile(Ljava/util/List;Lcom/android/tools/aapt2/Aapt2JniLogCallback;)I+0
j  com.android.tools.aapt2.Aapt2Jni.compile(Ljava/util/List;)Lcom/android/tools/aapt2/Aapt2Result;+6
j  com.android.builder.internal.aapt.v2.AaptV2Jni.lambda$compile$0(Lcom/android/ide/common/res2/CompileResourceRequest;)Ljava/io/File;+10
j  com.android.builder.internal.aapt.v2.AaptV2Jni$$Lambda$322.call()Ljava/lang/Object;+8
j  java.util.concurrent.ForkJoinTask$AdaptedCallable.exec()Z+5
j  java.util.concurrent.ForkJoinTask.doExec()I+10
j  java.util.concurrent.ForkJoinTask.externalInterruptibleAwaitDone()I+55
j  java.util.concurrent.ForkJoinTask.get()Ljava/lang/Object;+17
j  com.android.ide.common.res2.MergedResourceWriter.postWriteAction()V+635
j  com.android.ide.common.res2.MergeWriter.end()V+1
j  com.android.ide.common.res2.MergedResourceWriter.end()V+1
J 12131% C1 com.android.ide.common.res2.DataMerger.mergeData(Lcom/android/ide/common/res2/MergeConsumer;Z)V (603 bytes) @ 0x036b01ab [0x036ad6c0+0x2aeb]
j  com.android.ide.common.res2.ResourceMerger.mergeData(Lcom/android/ide/common/res2/MergeConsumer;Z)V+7
j  com.android.build.gradle.tasks.MergeResources.doFullTaskAction()V+201
j  com.android.build.gradle.internal.tasks.IncrementalTask.taskAction(Lorg/gradle/api/tasks/incremental/IncrementalTaskInputs;)V+33
v  ~StubRoutines::call_stub
V  [jvm.dll+0x152875]
V  [jvm.dll+0x21e2ce]
V  [jvm.dll+0x15290e]
V  [jvm.dll+0x15ece8]
V  [jvm.dll+0x15ef53]
V  [jvm.dll+0xf4c13]
C  [java.dll+0x3b63]
J 10444 C2 sun.reflect.NativeMethodAccessorImpl.invoke(Ljava/lang/Object;[Ljava/lang/Object;)Ljava/lang/Object; (104 bytes) @ 0x01fcf630 [0x01fcf5e0+0x50]
J 6940 C2 java.lang.reflect.Method.invoke(Ljava/lang/Object;[Ljava/lang/Object;)Ljava/lang/Object; (62 bytes) @ 0x02b81cb8 [0x02b81c60+0x58]
J 2298 C1 org.gradle.internal.reflect.JavaMethod.invoke(Ljava/lang/Object;[Ljava/lang/Object;)Ljava/lang/Object; (74 bytes) @ 0x020a3a39 [0x020a3940+0xf9]
j  org.gradle.api.internal.project.taskfactory.DefaultTaskClassInfoStore$IncrementalTaskAction.doExecute(Lorg/gradle/api/Task;Ljava/lang/String;)V+35
j  org.gradle.api.internal.project.taskfactory.DefaultTaskClassInfoStore$StandardTaskAction.execute(Lorg/gradle/api/Task;)V+32
j  org.gradle.api.internal.project.taskfactory.DefaultTaskClassInfoStore$StandardTaskAction.execute(Ljava/lang/Object;)V+5
j  org.gradle.api.internal.tasks.execution.ExecuteActionsTaskExecuter$1.run(Lorg/gradle/internal/operations/BuildOperationContext;)V+23
J 8065 C1 org.gradle.internal.progress.DefaultBuildOperationExecutor$RunnableBuildOperationWorker.execute(Lorg/gradle/internal/operations/BuildOperation;Lorg/gradle/internal/operations/BuildOperationContext;)V (10 bytes) @ 0x02df2aba [0x02df28c0+0x1fa]
J 8058 C1 org.gradle.internal.progress.DefaultBuildOperationExecutor.execute(Lorg/gradle/internal/operations/BuildOperation;Lorg/gradle/internal/operations/BuildOperationWorker;Lorg/gradle/internal/progress/DefaultBuildOperationExecutor$DefaultBuildOperationState;)V (430 bytes) @ 0x02de5c8a [0x02de3c60+0x202a]
J 11488 C1 org.gradle.internal.progress.DefaultBuildOperationExecutor.run(Lorg/gradle/internal/operations/RunnableBuildOperation;)V (38 bytes) @ 0x03505cf4 [0x03505a60+0x294]
j  org.gradle.api.internal.tasks.execution.ExecuteActionsTaskExecuter.executeAction(Ljava/lang/String;Lorg/gradle/api/internal/TaskInternal;Lorg/gradle/api/internal/tasks/ContextAwareTaskAction;Lorg/gradle/api/internal/tasks/TaskExecutionContext;)V+23
j  org.gradle.api.internal.tasks.execution.ExecuteActionsTaskExecuter.executeActions(Lorg/gradle/api/internal/TaskInternal;Lorg/gradle/api/internal/tasks/TaskStateInternal;Lorg/gradle/api/internal/tasks/TaskExecutionContext;)Lorg/gradle/api/GradleException;+131
j  org.gradle.api.internal.tasks.execution.ExecuteActionsTaskExecuter.execute(Lorg/gradle/api/internal/TaskInternal;Lorg/gradle/api/internal/tasks/TaskStateInternal;Lorg/gradle/api/internal/tasks/TaskExecutionContext;)V+42
j  org.gradle.api.internal.tasks.execution.SkipUpToDateTaskExecuter.execute(Lorg/gradle/api/internal/TaskInternal;Lorg/gradle/api/internal/tasks/TaskStateInternal;Lorg/gradle/api/internal/tasks/TaskExecutionContext;)V+124
j  org.gradle.api.internal.tasks.execution.ResolveTaskOutputCachingStateExecuter.execute(Lorg/gradle/api/internal/TaskInternal;Lorg/gradle/api/internal/tasks/TaskStateInternal;Lorg/gradle/api/internal/tasks/TaskExecutionContext;)V+96
j  org.gradle.api.internal.tasks.execution.ValidatingTaskExecuter.execute(Lorg/gradle/api/internal/TaskInternal;Lorg/gradle/api/internal/tasks/TaskStateInternal;Lorg/gradle/api/internal/tasks/TaskExecutionContext;)V+215
j  org.gradle.api.internal.tasks.execution.SkipEmptySourceFilesTaskExecuter.execute(Lorg/gradle/api/internal/TaskInternal;Lorg/gradle/api/internal/tasks/TaskStateInternal;Lorg/gradle/api/internal/tasks/TaskExecutionContext;)V+335
j  org.gradle.api.internal.tasks.execution.ResolveTaskArtifactStateTaskExecuter.execute(Lorg/gradle/api/internal/TaskInternal;Lorg/gradle/api/internal/tasks/TaskStateInternal;Lorg/gradle/api/internal/tasks/TaskExecutionContext;)V+72
j  org.gradle.api.internal.tasks.execution.SkipTaskWithNoActionsExecuter.execute(Lorg/gradle/api/internal/TaskInternal;Lorg/gradle/api/internal/tasks/TaskStateInternal;Lorg/gradle/api/internal/tasks/TaskExecutionContext;)V+124
j  org.gradle.api.internal.tasks.execution.SkipOnlyIfTaskExecuter.execute(Lorg/gradle/api/internal/TaskInternal;Lorg/gradle/api/internal/tasks/TaskStateInternal;Lorg/gradle/api/internal/tasks/TaskExecutionContext;)V+85
j  org.gradle.api.internal.tasks.execution.ExecuteAtMostOnceTaskExecuter.execute(Lorg/gradle/api/internal/TaskInternal;Lorg/gradle/api/internal/tasks/TaskStateInternal;Lorg/gradle/api/internal/tasks/TaskExecutionContext;)V+26
j  org.gradle.api.internal.tasks.execution.CatchExceptionTaskExecuter.execute(Lorg/gradle/api/internal/TaskInternal;Lorg/gradle/api/internal/tasks/TaskStateInternal;Lorg/gradle/api/internal/tasks/TaskExecutionContext;)V+7
j  org.gradle.execution.taskgraph.DefaultTaskGraphExecuter$EventFiringTaskWorker$1.run(Lorg/gradle/internal/operations/BuildOperationContext;)V+56
J 8065 C1 org.gradle.internal.progress.DefaultBuildOperationExecutor$RunnableBuildOperationWorker.execute(Lorg/gradle/internal/operations/BuildOperation;Lorg/gradle/internal/operations/BuildOperationContext;)V (10 bytes) @ 0x02df2aba [0x02df28c0+0x1fa]
J 8058 C1 org.gradle.internal.progress.DefaultBuildOperationExecutor.execute(Lorg/gradle/internal/operations/BuildOperation;Lorg/gradle/internal/operations/BuildOperationWorker;Lorg/gradle/internal/progress/DefaultBuildOperationExecutor$DefaultBuildOperationState;)V (430 bytes) @ 0x02de5c8a [0x02de3c60+0x202a]
J 11488 C1 org.gradle.internal.progress.DefaultBuildOperationExecutor.run(Lorg/gradle/internal/operations/RunnableBuildOperation;)V (38 bytes) @ 0x03505cf4 [0x03505a60+0x294]
j  org.gradle.execution.taskgraph.DefaultTaskGraphExecuter$EventFiringTaskWorker.execute(Lorg/gradle/api/internal/TaskInternal;)V+16
j  org.gradle.execution.taskgraph.DefaultTaskGraphExecuter$EventFiringTaskWorker.execute(Ljava/lang/Object;)V+5
j  org.gradle.execution.taskgraph.DefaultTaskPlanExecutor$TaskExecutorWorker.processTask(Lorg/gradle/execution/taskgraph/TaskInfo;)V+8
j  org.gradle.execution.taskgraph.DefaultTaskPlanExecutor$TaskExecutorWorker.access$200(Lorg/gradle/execution/taskgraph/DefaultTaskPlanExecutor$TaskExecutorWorker;Lorg/gradle/execution/taskgraph/TaskInfo;)V+2
j  org.gradle.execution.taskgraph.DefaultTaskPlanExecutor$TaskExecutorWorker$1.execute(Lorg/gradle/execution/taskgraph/TaskInfo;)V+38
j  org.gradle.execution.taskgraph.DefaultTaskPlanExecutor$TaskExecutorWorker$1.execute(Ljava/lang/Object;)V+5
j  org.gradle.execution.taskgraph.DefaultTaskExecutionPlan.execute(Lorg/gradle/execution/taskgraph/TaskInfo;Lorg/gradle/internal/work/WorkerLeaseRegistry$WorkerLease;Lorg/gradle/api/Action;)V+14
j  org.gradle.execution.taskgraph.DefaultTaskExecutionPlan.executeWithTask(Lorg/gradle/internal/work/WorkerLeaseRegistry$WorkerLease;Lorg/gradle/api/Action;)Z+53
j  org.gradle.execution.taskgraph.DefaultTaskPlanExecutor$TaskExecutorWorker.run()V+52
j  org.gradle.execution.taskgraph.DefaultTaskPlanExecutor.process(Lorg/gradle/execution/taskgraph/TaskExecutionPlan;Lorg/gradle/api/Action;)V+67
j  org.gradle.execution.taskgraph.DefaultTaskGraphExecuter.execute()V+61
j  org.gradle.execution.SelectedTaskExecutionAction.execute(Lorg/gradle/execution/BuildExecutionContext;)V+55
j  org.gradle.execution.DefaultBuildExecuter.execute(Lorg/gradle/api/internal/GradleInternal;I)V+37
j  org.gradle.execution.DefaultBuildExecuter.access$000(Lorg/gradle/execution/DefaultBuildExecuter;Lorg/gradle/api/internal/GradleInternal;I)V+3
j  org.gradle.execution.DefaultBuildExecuter$1.proceed()V+14
j  org.gradle.execution.DryRunBuildExecutionAction.execute(Lorg/gradle/execution/BuildExecutionContext;)V+121
j  org.gradle.execution.DefaultBuildExecuter.execute(Lorg/gradle/api/internal/GradleInternal;I)V+37
j  org.gradle.execution.DefaultBuildExecuter.execute(Lorg/gradle/api/internal/GradleInternal;)V+3
j  org.gradle.initialization.DefaultGradleLauncher$ExecuteTasks.run(Lorg/gradle/internal/operations/BuildOperationContext;)V+55
J 8065 C1 org.gradle.internal.progress.DefaultBuildOperationExecutor$RunnableBuildOperationWorker.execute(Lorg/gradle/internal/operations/BuildOperation;Lorg/gradle/internal/operations/BuildOperationContext;)V (10 bytes) @ 0x02df2aba [0x02df28c0+0x1fa]
J 8058 C1 org.gradle.internal.progress.DefaultBuildOperationExecutor.execute(Lorg/gradle/internal/operations/BuildOperation;Lorg/gradle/internal/operations/BuildOperationWorker;Lorg/gradle/internal/progress/DefaultBuildOperationExecutor$DefaultBuildOperationState;)V (430 bytes) @ 0x02de5c8a [0x02de3c60+0x202a]
J 11488 C1 org.gradle.internal.progress.DefaultBuildOperationExecutor.run(Lorg/gradle/internal/operations/RunnableBuildOperation;)V (38 bytes) @ 0x03505cf4 [0x03505a60+0x294]
j  org.gradle.initialization.DefaultGradleLauncher.runTasks()V+53
j  org.gradle.initialization.DefaultGradleLauncher.doBuildStages(Lorg/gradle/initialization/DefaultGradleLauncher$Stage;)V+37
j  org.gradle.initialization.DefaultGradleLauncher.executeTasks()Lorg/gradle/api/internal/GradleInternal;+4
j  org.gradle.internal.invocation.GradleBuildController$1.call()Lorg/gradle/api/internal/GradleInternal;+7
j  org.gradle.internal.invocation.GradleBuildController$1.call()Ljava/lang/Object;+1
j  org.gradle.internal.work.DefaultWorkerLeaseService.withLocks(Ljava/lang/Iterable;Ljava/util/concurrent/Callable;)Ljava/lang/Object;+15
j  org.gradle.internal.invocation.GradleBuildController.doBuild(Ljava/util/concurrent/Callable;)Lorg/gradle/api/internal/GradleInternal;+52
j  org.gradle.internal.invocation.GradleBuildController.run()Lorg/gradle/api/internal/GradleInternal;+9
j  org.gradle.tooling.internal.provider.runner.BuildModelActionRunner.run(Lorg/gradle/internal/invocation/BuildAction;Lorg/gradle/internal/invocation/BuildController;)V+66
j  org.gradle.launcher.exec.ChainingBuildActionRunner.run(Lorg/gradle/internal/invocation/BuildAction;Lorg/gradle/internal/invocation/BuildController;)V+34
j  org.gradle.launcher.exec.ChainingBuildActionRunner.run(Lorg/gradle/internal/invocation/BuildAction;Lorg/gradle/internal/invocation/BuildController;)V+34
j  org.gradle.tooling.internal.provider.ValidatingBuildActionRunner.run(Lorg/gradle/internal/invocation/BuildAction;Lorg/gradle/internal/invocation/BuildController;)V+6
j  org.gradle.launcher.exec.RunAsBuildOperationBuildActionRunner$1.run(Lorg/gradle/internal/operations/BuildOperationContext;)V+15
J 8065 C1 org.gradle.internal.progress.DefaultBuildOperationExecutor$RunnableBuildOperationWorker.execute(Lorg/gradle/internal/operations/BuildOperation;Lorg/gradle/internal/operations/BuildOperationContext;)V (10 bytes) @ 0x02df2aba [0x02df28c0+0x1fa]
J 8058 C1 org.gradle.internal.progress.DefaultBuildOperationExecutor.execute(Lorg/gradle/internal/operations/BuildOperation;Lorg/gradle/internal/operations/BuildOperationWorker;Lorg/gradle/internal/progress/DefaultBuildOperationExecutor$DefaultBuildOperationState;)V (430 bytes) @ 0x02de5c8a [0x02de3c60+0x202a]
J 11488 C1 org.gradle.internal.progress.DefaultBuildOperationExecutor.run(Lorg/gradle/internal/operations/RunnableBuildOperation;)V (38 bytes) @ 0x03505cf4 [0x03505a60+0x294]
j  org.gradle.launcher.exec.RunAsBuildOperationBuildActionRunner.run(Lorg/gradle/internal/invocation/BuildAction;Lorg/gradle/internal/invocation/BuildController;)V+34
j  org.gradle.tooling.internal.provider.SubscribableBuildActionRunner.run(Lorg/gradle/internal/invocation/BuildAction;Lorg/gradle/internal/invocation/BuildController;)V+40
j  org.gradle.launcher.exec.InProcessBuildActionExecuter.execute(Lorg/gradle/internal/invocation/BuildAction;Lorg/gradle/initialization/BuildRequestContext;Lorg/gradle/launcher/exec/BuildActionParameters;Lorg/gradle/internal/service/ServiceRegistry;)Ljava/lang/Object;+71
j  org.gradle.launcher.exec.InProcessBuildActionExecuter.execute(Lorg/gradle/internal/invocation/BuildAction;Lorg/gradle/initialization/BuildRequestContext;Ljava/lang/Object;Lorg/gradle/internal/service/ServiceRegistry;)Ljava/lang/Object;+9
j  org.gradle.launcher.exec.BuildTreeScopeBuildActionExecuter.execute(Lorg/gradle/internal/invocation/BuildAction;Lorg/gradle/initialization/BuildRequestContext;Lorg/gradle/launcher/exec/BuildActionParameters;Lorg/gradle/internal/service/ServiceRegistry;)Ljava/lang/Object;+41
j  org.gradle.launcher.exec.BuildTreeScopeBuildActionExecuter.execute(Lorg/gradle/internal/invocation/BuildAction;Lorg/gradle/initialization/BuildRequestContext;Ljava/lang/Object;Lorg/gradle/internal/service/ServiceRegistry;)Ljava/lang/Object;+9
j  org.gradle.tooling.internal.provider.ContinuousBuildActionExecuter.execute(Lorg/gradle/internal/invocation/BuildAction;Lorg/gradle/initialization/BuildRequestContext;Lorg/gradle/launcher/exec/BuildActionParameters;Lorg/gradle/internal/service/ServiceRegistry;)Ljava/lang/Object;+28
j  org.gradle.tooling.internal.provider.ContinuousBuildActionExecuter.execute(Lorg/gradle/internal/invocation/BuildAction;Lorg/gradle/initialization/BuildRequestContext;Ljava/lang/Object;Lorg/gradle/internal/service/ServiceRegistry;)Ljava/lang/Object;+9
j  org.gradle.tooling.internal.provider.ServicesSetupBuildActionExecuter.execute(Lorg/gradle/internal/invocation/BuildAction;Lorg/gradle/initialization/BuildRequestContext;Lorg/gradle/launcher/exec/BuildActionParameters;Lorg/gradle/internal/service/ServiceRegistry;)Ljava/lang/Object;+85
j  org.gradle.tooling.internal.provider.ServicesSetupBuildActionExecuter.execute(Lorg/gradle/internal/invocation/BuildAction;Lorg/gradle/initialization/BuildRequestContext;Ljava/lang/Object;Lorg/gradle/internal/service/ServiceRegistry;)Ljava/lang/Object;+9
j  org.gradle.tooling.internal.provider.GradleThreadBuildActionExecuter.execute(Lorg/gradle/internal/invocation/BuildAction;Lorg/gradle/initialization/BuildRequestContext;Lorg/gradle/launcher/exec/BuildActionParameters;Lorg/gradle/internal/service/ServiceRegistry;)Ljava/lang/Object;+12
...<more frames>...

Java frames: (J=compiled Java code, j=interpreted, Vv=VM code)
j  com.android.tools.aapt2.Aapt2Jni.nativeCompile(Ljava/util/List;Lcom/android/tools/aapt2/Aapt2JniLogCallback;)I+0
j  com.android.tools.aapt2.Aapt2Jni.compile(Ljava/util/List;)Lcom/android/tools/aapt2/Aapt2Result;+6
j  com.android.builder.internal.aapt.v2.AaptV2Jni.lambda$compile$0(Lcom/android/ide/common/res2/CompileResourceRequest;)Ljava/io/File;+10
j  com.android.builder.internal.aapt.v2.AaptV2Jni$$Lambda$322.call()Ljava/lang/Object;+8
j  java.util.concurrent.ForkJoinTask$AdaptedCallable.exec()Z+5
j  java.util.concurrent.ForkJoinTask.doExec()I+10
j  java.util.concurrent.ForkJoinTask.externalInterruptibleAwaitDone()I+55
j  java.util.concurrent.ForkJoinTask.get()Ljava/lang/Object;+17
j  com.android.ide.common.res2.MergedResourceWriter.postWriteAction()V+635
j  com.android.ide.common.res2.MergeWriter.end()V+1
j  com.android.ide.common.res2.MergedResourceWriter.end()V+1
J 12131% C1 com.android.ide.common.res2.DataMerger.mergeData(Lcom/android/ide/common/res2/MergeConsumer;Z)V (603 bytes) @ 0x036b01ab [0x036ad6c0+0x2aeb]
j  com.android.ide.common.res2.ResourceMerger.mergeData(Lcom/android/ide/common/res2/MergeConsumer;Z)V+7
j  com.android.build.gradle.tasks.MergeResources.doFullTaskAction()V+201
j  com.android.build.gradle.internal.tasks.IncrementalTask.taskAction(Lorg/gradle/api/tasks/incremental/IncrementalTaskInputs;)V+33
v  ~StubRoutines::call_stub
J 1577  sun.reflect.NativeMethodAccessorImpl.invoke0(Ljava/lang/reflect/Method;Ljava/lang/Object;[Ljava/lang/Object;)Ljava/lang/Object; (0 bytes) @ 0x01db615d [0x01db60e0+0x7d]
J 10444 C2 sun.reflect.NativeMethodAccessorImpl.invoke(Ljava/lang/Object;[Ljava/lang/Object;)Ljava/lang/Object; (104 bytes) @ 0x01fcf630 [0x01fcf5e0+0x50]
J 6940 C2 java.lang.reflect.Method.invoke(Ljava/lang/Object;[Ljava/lang/Object;)Ljava/lang/Object; (62 bytes) @ 0x02b81cb8 [0x02b81c60+0x58]
J 2298 C1 org.gradle.internal.reflect.JavaMethod.invoke(Ljava/lang/Object;[Ljava/lang/Object;)Ljava/lang/Object; (74 bytes) @ 0x020a3a39 [0x020a3940+0xf9]
j  org.gradle.api.internal.project.taskfactory.DefaultTaskClassInfoStore$IncrementalTaskAction.doExecute(Lorg/gradle/api/Task;Ljava/lang/String;)V+35
j  org.gradle.api.internal.project.taskfactory.DefaultTaskClassInfoStore$StandardTaskAction.execute(Lorg/gradle/api/Task;)V+32
j  org.gradle.api.internal.project.taskfactory.DefaultTaskClassInfoStore$StandardTaskAction.execute(Ljava/lang/Object;)V+5
j  org.gradle.api.internal.tasks.execution.ExecuteActionsTaskExecuter$1.run(Lorg/gradle/internal/operations/BuildOperationContext;)V+23
J 8065 C1 org.gradle.internal.progress.DefaultBuildOperationExecutor$RunnableBuildOperationWorker.execute(Lorg/gradle/internal/operations/BuildOperation;Lorg/gradle/internal/operations/BuildOperationContext;)V (10 bytes) @ 0x02df2aba [0x02df28c0+0x1fa]
J 8058 C1 org.gradle.internal.progress.DefaultBuildOperationExecutor.execute(Lorg/gradle/internal/operations/BuildOperation;Lorg/gradle/internal/operations/BuildOperationWorker;Lorg/gradle/internal/progress/DefaultBuildOperationExecutor$DefaultBuildOperationState;)V (430 bytes) @ 0x02de5c8a [0x02de3c60+0x202a]
J 11488 C1 org.gradle.internal.progress.DefaultBuildOperationExecutor.run(Lorg/gradle/internal/operations/RunnableBuildOperation;)V (38 bytes) @ 0x03505cf4 [0x03505a60+0x294]
j  org.gradle.api.internal.tasks.execution.ExecuteActionsTaskExecuter.executeAction(Ljava/lang/String;Lorg/gradle/api/internal/TaskInternal;Lorg/gradle/api/internal/tasks/ContextAwareTaskAction;Lorg/gradle/api/internal/tasks/TaskExecutionContext;)V+23
j  org.gradle.api.internal.tasks.execution.ExecuteActionsTaskExecuter.executeActions(Lorg/gradle/api/internal/TaskInternal;Lorg/gradle/api/internal/tasks/TaskStateInternal;Lorg/gradle/api/internal/tasks/TaskExecutionContext;)Lorg/gradle/api/GradleException;+131
j  org.gradle.api.internal.tasks.execution.ExecuteActionsTaskExecuter.execute(Lorg/gradle/api/internal/TaskInternal;Lorg/gradle/api/internal/tasks/TaskStateInternal;Lorg/gradle/api/internal/tasks/TaskExecutionContext;)V+42
j  org.gradle.api.internal.tasks.execution.SkipUpToDateTaskExecuter.execute(Lorg/gradle/api/internal/TaskInternal;Lorg/gradle/api/internal/tasks/TaskStateInternal;Lorg/gradle/api/internal/tasks/TaskExecutionContext;)V+124
j  org.gradle.api.internal.tasks.execution.ResolveTaskOutputCachingStateExecuter.execute(Lorg/gradle/api/internal/TaskInternal;Lorg/gradle/api/internal/tasks/TaskStateInternal;Lorg/gradle/api/internal/tasks/TaskExecutionContext;)V+96
j  org.gradle.api.internal.tasks.execution.ValidatingTaskExecuter.execute(Lorg/gradle/api/internal/TaskInternal;Lorg/gradle/api/internal/tasks/TaskStateInternal;Lorg/gradle/api/internal/tasks/TaskExecutionContext;)V+215
j  org.gradle.api.internal.tasks.execution.SkipEmptySourceFilesTaskExecuter.execute(Lorg/gradle/api/internal/TaskInternal;Lorg/gradle/api/internal/tasks/TaskStateInternal;Lorg/gradle/api/internal/tasks/TaskExecutionContext;)V+335
j  org.gradle.api.internal.tasks.execution.ResolveTaskArtifactStateTaskExecuter.execute(Lorg/gradle/api/internal/TaskInternal;Lorg/gradle/api/internal/tasks/TaskStateInternal;Lorg/gradle/api/internal/tasks/TaskExecutionContext;)V+72
j  org.gradle.api.internal.tasks.execution.SkipTaskWithNoActionsExecuter.execute(Lorg/gradle/api/internal/TaskInternal;Lorg/gradle/api/internal/tasks/TaskStateInternal;Lorg/gradle/api/internal/tasks/TaskExecutionContext;)V+124
j  org.gradle.api.internal.tasks.execution.SkipOnlyIfTaskExecuter.execute(Lorg/gradle/api/internal/TaskInternal;Lorg/gradle/api/internal/tasks/TaskStateInternal;Lorg/gradle/api/internal/tasks/TaskExecutionContext;)V+85
j  org.gradle.api.internal.tasks.execution.ExecuteAtMostOnceTaskExecuter.execute(Lorg/gradle/api/internal/TaskInternal;Lorg/gradle/api/internal/tasks/TaskStateInternal;Lorg/gradle/api/internal/tasks/TaskExecutionContext;)V+26
j  org.gradle.api.internal.tasks.execution.CatchExceptionTaskExecuter.execute(Lorg/gradle/api/internal/TaskInternal;Lorg/gradle/api/internal/tasks/TaskStateInternal;Lorg/gradle/api/internal/tasks/TaskExecutionContext;)V+7
j  org.gradle.execution.taskgraph.DefaultTaskGraphExecuter$EventFiringTaskWorker$1.run(Lorg/gradle/internal/operations/BuildOperationContext;)V+56
J 8065 C1 org.gradle.internal.progress.DefaultBuildOperationExecutor$RunnableBuildOperationWorker.execute(Lorg/gradle/internal/operations/BuildOperation;Lorg/gradle/internal/operations/BuildOperationContext;)V (10 bytes) @ 0x02df2aba [0x02df28c0+0x1fa]
J 8058 C1 org.gradle.internal.progress.DefaultBuildOperationExecutor.execute(Lorg/gradle/internal/operations/BuildOperation;Lorg/gradle/internal/operations/BuildOperationWorker;Lorg/gradle/internal/progress/DefaultBuildOperationExecutor$DefaultBuildOperationState;)V (430 bytes) @ 0x02de5c8a [0x02de3c60+0x202a]
J 11488 C1 org.gradle.internal.progress.DefaultBuildOperationExecutor.run(Lorg/gradle/internal/operations/RunnableBuildOperation;)V (38 bytes) @ 0x03505cf4 [0x03505a60+0x294]
j  org.gradle.execution.taskgraph.DefaultTaskGraphExecuter$EventFiringTaskWorker.execute(Lorg/gradle/api/internal/TaskInternal;)V+16
j  org.gradle.execution.taskgraph.DefaultTaskGraphExecuter$EventFiringTaskWorker.execute(Ljava/lang/Object;)V+5
j  org.gradle.execution.taskgraph.DefaultTaskPlanExecutor$TaskExecutorWorker.processTask(Lorg/gradle/execution/taskgraph/TaskInfo;)V+8
j  org.gradle.execution.taskgraph.DefaultTaskPlanExecutor$TaskExecutorWorker.access$200(Lorg/gradle/execution/taskgraph/DefaultTaskPlanExecutor$TaskExecutorWorker;Lorg/gradle/execution/taskgraph/TaskInfo;)V+2
j  org.gradle.execution.taskgraph.DefaultTaskPlanExecutor$TaskExecutorWorker$1.execute(Lorg/gradle/execution/taskgraph/TaskInfo;)V+38
j  org.gradle.execution.taskgraph.DefaultTaskPlanExecutor$TaskExecutorWorker$1.execute(Ljava/lang/Object;)V+5
j  org.gradle.execution.taskgraph.DefaultTaskExecutionPlan.execute(Lorg/gradle/execution/taskgraph/TaskInfo;Lorg/gradle/internal/work/WorkerLeaseRegistry$WorkerLease;Lorg/gradle/api/Action;)V+14
j  org.gradle.execution.taskgraph.DefaultTaskExecutionPlan.executeWithTask(Lorg/gradle/internal/work/WorkerLeaseRegistry$WorkerLease;Lorg/gradle/api/Action;)Z+53
j  org.gradle.execution.taskgraph.DefaultTaskPlanExecutor$TaskExecutorWorker.run()V+52
j  org.gradle.execution.taskgraph.DefaultTaskPlanExecutor.process(Lorg/gradle/execution/taskgraph/TaskExecutionPlan;Lorg/gradle/api/Action;)V+67
j  org.gradle.execution.taskgraph.DefaultTaskGraphExecuter.execute()V+61
j  org.gradle.execution.SelectedTaskExecutionAction.execute(Lorg/gradle/execution/BuildExecutionContext;)V+55
j  org.gradle.execution.DefaultBuildExecuter.execute(Lorg/gradle/api/internal/GradleInternal;I)V+37
j  org.gradle.execution.DefaultBuildExecuter.access$000(Lorg/gradle/execution/DefaultBuildExecuter;Lorg/gradle/api/internal/GradleInternal;I)V+3
j  org.gradle.execution.DefaultBuildExecuter$1.proceed()V+14
j  org.gradle.execution.DryRunBuildExecutionAction.execute(Lorg/gradle/execution/BuildExecutionContext;)V+121
j  org.gradle.execution.DefaultBuildExecuter.execute(Lorg/gradle/api/internal/GradleInternal;I)V+37
j  org.gradle.execution.DefaultBuildExecuter.execute(Lorg/gradle/api/internal/GradleInternal;)V+3
j  org.gradle.initialization.DefaultGradleLauncher$ExecuteTasks.run(Lorg/gradle/internal/operations/BuildOperationContext;)V+55
J 8065 C1 org.gradle.internal.progress.DefaultBuildOperationExecutor$RunnableBuildOperationWorker.execute(Lorg/gradle/internal/operations/BuildOperation;Lorg/gradle/internal/operations/BuildOperationContext;)V (10 bytes) @ 0x02df2aba [0x02df28c0+0x1fa]
J 8058 C1 org.gradle.internal.progress.DefaultBuildOperationExecutor.execute(Lorg/gradle/internal/operations/BuildOperation;Lorg/gradle/internal/operations/BuildOperationWorker;Lorg/gradle/internal/progress/DefaultBuildOperationExecutor$DefaultBuildOperationState;)V (430 bytes) @ 0x02de5c8a [0x02de3c60+0x202a]
J 11488 C1 org.gradle.internal.progress.DefaultBuildOperationExecutor.run(Lorg/gradle/internal/operations/RunnableBuildOperation;)V (38 bytes) @ 0x03505cf4 [0x03505a60+0x294]
j  org.gradle.initialization.DefaultGradleLauncher.runTasks()V+53
j  org.gradle.initialization.DefaultGradleLauncher.doBuildStages(Lorg/gradle/initialization/DefaultGradleLauncher$Stage;)V+37
j  org.gradle.initialization.DefaultGradleLauncher.executeTasks()Lorg/gradle/api/internal/GradleInternal;+4
j  org.gradle.internal.invocation.GradleBuildController$1.call()Lorg/gradle/api/internal/GradleInternal;+7
j  org.gradle.internal.invocation.GradleBuildController$1.call()Ljava/lang/Object;+1
j  org.gradle.internal.work.DefaultWorkerLeaseService.withLocks(Ljava/lang/Iterable;Ljava/util/concurrent/Callable;)Ljava/lang/Object;+15
j  org.gradle.internal.invocation.GradleBuildController.doBuild(Ljava/util/concurrent/Callable;)Lorg/gradle/api/internal/GradleInternal;+52
j  org.gradle.internal.invocation.GradleBuildController.run()Lorg/gradle/api/internal/GradleInternal;+9
j  org.gradle.tooling.internal.provider.runner.BuildModelActionRunner.run(Lorg/gradle/internal/invocation/BuildAction;Lorg/gradle/internal/invocation/BuildController;)V+66
j  org.gradle.launcher.exec.ChainingBuildActionRunner.run(Lorg/gradle/internal/invocation/BuildAction;Lorg/gradle/internal/invocation/BuildController;)V+34
j  org.gradle.launcher.exec.ChainingBuildActionRunner.run(Lorg/gradle/internal/invocation/BuildAction;Lorg/gradle/internal/invocation/BuildController;)V+34
j  org.gradle.tooling.internal.provider.ValidatingBuildActionRunner.run(Lorg/gradle/internal/invocation/BuildAction;Lorg/gradle/internal/invocation/BuildController;)V+6
j  org.gradle.launcher.exec.RunAsBuildOperationBuildActionRunner$1.run(Lorg/gradle/internal/operations/BuildOperationContext;)V+15
J 8065 C1 org.gradle.internal.progress.DefaultBuildOperationExecutor$RunnableBuildOperationWorker.execute(Lorg/gradle/internal/operations/BuildOperation;Lorg/gradle/internal/operations/BuildOperationContext;)V (10 bytes) @ 0x02df2aba [0x02df28c0+0x1fa]
J 8058 C1 org.gradle.internal.progress.DefaultBuildOperationExecutor.execute(Lorg/gradle/internal/operations/BuildOperation;Lorg/gradle/internal/operations/BuildOperationWorker;Lorg/gradle/internal/progress/DefaultBuildOperationExecutor$DefaultBuildOperationState;)V (430 bytes) @ 0x02de5c8a [0x02de3c60+0x202a]
J 11488 C1 org.gradle.internal.progress.DefaultBuildOperationExecutor.run(Lorg/gradle/internal/operations/RunnableBuildOperation;)V (38 bytes) @ 0x03505cf4 [0x03505a60+0x294]
j  org.gradle.launcher.exec.RunAsBuildOperationBuildActionRunner.run(Lorg/gradle/internal/invocation/BuildAction;Lorg/gradle/internal/invocation/BuildController;)V+34
j  org.gradle.tooling.internal.provider.SubscribableBuildActionRunner.run(Lorg/gradle/internal/invocation/BuildAction;Lorg/gradle/internal/invocation/BuildController;)V+40
j  org.gradle.launcher.exec.InProcessBuildActionExecuter.execute(Lorg/gradle/internal/invocation/BuildAction;Lorg/gradle/initialization/BuildRequestContext;Lorg/gradle/launcher/exec/BuildActionParameters;Lorg/gradle/internal/service/ServiceRegistry;)Ljava/lang/Object;+71
j  org.gradle.launcher.exec.InProcessBuildActionExecuter.execute(Lorg/gradle/internal/invocation/BuildAction;Lorg/gradle/initialization/BuildRequestContext;Ljava/lang/Object;Lorg/gradle/internal/service/ServiceRegistry;)Ljava/lang/Object;+9
j  org.gradle.launcher.exec.BuildTreeScopeBuildActionExecuter.execute(Lorg/gradle/internal/invocation/BuildAction;Lorg/gradle/initialization/BuildRequestContext;Lorg/gradle/launcher/exec/BuildActionParameters;Lorg/gradle/internal/service/ServiceRegistry;)Ljava/lang/Object;+41
j  org.gradle.launcher.exec.BuildTreeScopeBuildActionExecuter.execute(Lorg/gradle/internal/invocation/BuildAction;Lorg/gradle/initialization/BuildRequestContext;Ljava/lang/Object;Lorg/gradle/internal/service/ServiceRegistry;)Ljava/lang/Object;+9
j  org.gradle.tooling.internal.provider.ContinuousBuildActionExecuter.execute(Lorg/gradle/internal/invocation/BuildAction;Lorg/gradle/initialization/BuildRequestContext;Lorg/gradle/launcher/exec/BuildActionParameters;Lorg/gradle/internal/service/ServiceRegistry;)Ljava/lang/Object;+28
j  org.gradle.tooling.internal.provider.ContinuousBuildActionExecuter.execute(Lorg/gradle/internal/invocation/BuildAction;Lorg/gradle/initialization/BuildRequestContext;Ljava/lang/Object;Lorg/gradle/internal/service/ServiceRegistry;)Ljava/lang/Object;+9
j  org.gradle.tooling.internal.provider.ServicesSetupBuildActionExecuter.execute(Lorg/gradle/internal/invocation/BuildAction;Lorg/gradle/initialization/BuildRequestContext;Lorg/gradle/launcher/exec/BuildActionParameters;Lorg/gradle/internal/service/ServiceRegistry;)Ljava/lang/Object;+85
j  org.gradle.tooling.internal.provider.ServicesSetupBuildActionExecuter.execute(Lorg/gradle/internal/invocation/BuildAction;Lorg/gradle/initialization/BuildRequestContext;Ljava/lang/Object;Lorg/gradle/internal/service/ServiceRegistry;)Ljava/lang/Object;+9
j  org.gradle.tooling.internal.provider.GradleThreadBuildActionExecuter.execute(Lorg/gradle/internal/invocation/BuildAction;Lorg/gradle/initialization/BuildRequestContext;Lorg/gradle/launcher/exec/BuildActionParameters;Lorg/gradle/internal/service/ServiceRegistry;)Ljava/lang/Object;+12
j  org.gradle.tooling.internal.provider.GradleThreadBuildActionExecuter.execute(Lorg/gradle/internal/invocation/BuildAction;Lorg/gradle/initialization/BuildRequestContext;Ljava/lang/Object;Lorg/gradle/internal/service/ServiceRegistry;)Ljava/lang/Object;+9
j  org.gradle.tooling.internal.provider.ParallelismConfigurationBuildActionExecuter.execute(Lorg/gradle/internal/invocation/BuildAction;Lorg/gradle/initialization/BuildRequestContext;Lorg/gradle/launcher/exec/BuildActionParameters;Lorg/gradle/internal/service/ServiceRegistry;)Ljava/lang/Object;+43
j  org.gradle.tooling.internal.provider.ParallelismConfigurationBuildActionExecuter.execute(Lorg/gradle/internal/invocation/BuildAction;Lorg/gradle/initialization/BuildRequestContext;Ljava/lang/Object;Lorg/gradle/internal/service/ServiceRegistry;)Ljava/lang/Object;+9
j  org.gradle.tooling.internal.provider.StartParamsValidatingActionExecuter.execute(Lorg/gradle/internal/invocation/BuildAction;Lorg/gradle/initialization/BuildRequestContext;Lorg/gradle/launcher/exec/BuildActionParameters;Lorg/gradle/internal/service/ServiceRegistry;)Ljava/lang/Object;+257
j  org.gradle.tooling.internal.provider.StartParamsValidatingActionExecuter.execute(Lorg/gradle/internal/invocation/BuildAction;Lorg/gradle/initialization/BuildRequestContext;Ljava/lang/Object;Lorg/gradle/internal/service/ServiceRegistry;)Ljava/lang/Object;+9
j  org.gradle.tooling.internal.provider.SessionFailureReportingActionExecuter.execute(Lorg/gradle/internal/invocation/BuildAction;Lorg/gradle/initialization/BuildRequestContext;Lorg/gradle/launcher/exec/BuildActionParameters;Lorg/gradle/internal/service/ServiceRegistry;)Ljava/lang/Object;+9
j  org.gradle.tooling.internal.provider.SessionFailureReportingActionExecuter.execute(Lorg/gradle/internal/invocation/BuildAction;Lorg/gradle/initialization/BuildRequestContext;Ljava/lang/Object;Lorg/gradle/internal/service/ServiceRegistry;)Ljava/lang/Object;+9
j  org.gradle.tooling.internal.provider.SetupLoggingActionExecuter.execute(Lorg/gradle/internal/invocation/BuildAction;Lorg/gradle/initialization/BuildRequestContext;Lorg/gradle/launcher/exec/BuildActionParameters;Lorg/gradle/internal/service/ServiceRegistry;)Ljava/lang/Object;+69
j  org.gradle.tooling.internal.provider.SetupLoggingActionExecuter.execute(Lorg/gradle/internal/invocation/BuildAction;Lorg/gradle/initialization/BuildRequestContext;Ljava/lang/Object;Lorg/gradle/internal/service/ServiceRegistry;)Ljava/lang/Object;+9
j  org.gradle.launcher.daemon.server.exec.ExecuteBuild.doBuild(Lorg/gradle/launcher/daemon/server/api/DaemonCommandExecution;Lorg/gradle/launcher/daemon/protocol/Build;)V+114
j  org.gradle.launcher.daemon.server.exec.BuildCommandOnly.execute(Lorg/gradle/launcher/daemon/server/api/DaemonCommandExecution;)V+49
j  org.gradle.launcher.daemon.server.api.DaemonCommandExecution.proceed()Z+28
j  org.gradle.launcher.daemon.server.exec.WatchForDisconnection.execute(Lorg/gradle/launcher/daemon/server/api/DaemonCommandExecution;)V+19
j  org.gradle.launcher.daemon.server.api.DaemonCommandExecution.proceed()Z+28
j  org.gradle.launcher.daemon.server.exec.ResetDeprecationLogger.execute(Lorg/gradle/launcher/daemon/server/api/DaemonCommandExecution;)V+4
j  org.gradle.launcher.daemon.server.api.DaemonCommandExecution.proceed()Z+28
j  org.gradle.launcher.daemon.server.exec.RequestStopIfSingleUsedDaemon.execute(Lorg/gradle/launcher/daemon/server/api/DaemonCommandExecution;)V+33
j  org.gradle.launcher.daemon.server.api.DaemonCommandExecution.proceed()Z+28
j  org.gradle.launcher.daemon.server.exec.ForwardClientInput$2.call()Ljava/lang/Void;+4
j  org.gradle.launcher.daemon.server.exec.ForwardClientInput$2.call()Ljava/lang/Object;+1
j  org.gradle.util.Swapper.swap(Ljava/lang/Object;Ljava/util/concurrent/Callable;)Ljava/lang/Object;+21
j  org.gradle.launcher.daemon.server.exec.ForwardClientInput.execute(Lorg/gradle/launcher/daemon/server/api/DaemonCommandExecution;)V+63
j  org.gradle.launcher.daemon.server.api.DaemonCommandExecution.proceed()Z+28
j  org.gradle.launcher.daemon.server.exec.LogAndCheckHealth.execute(Lorg/gradle/launcher/daemon/server/api/DaemonCommandExecution;)V+28
j  org.gradle.launcher.daemon.server.api.DaemonCommandExecution.proceed()Z+28
j  org.gradle.launcher.daemon.server.exec.LogToClient.doBuild(Lorg/gradle/launcher/daemon/server/api/DaemonCommandExecution;Lorg/gradle/launcher/daemon/protocol/Build;)V+87
j  org.gradle.launcher.daemon.server.exec.BuildCommandOnly.execute(Lorg/gradle/launcher/daemon/server/api/DaemonCommandExecution;)V+49
j  org.gradle.launcher.daemon.server.api.DaemonCommandExecution.proceed()Z+28
j  org.gradle.launcher.daemon.server.exec.EstablishBuildEnvironment.doBuild(Lorg/gradle/launcher/daemon/server/api/DaemonCommandExecution;Lorg/gradle/launcher/daemon/protocol/Build;)V+365
j  org.gradle.launcher.daemon.server.exec.BuildCommandOnly.execute(Lorg/gradle/launcher/daemon/server/api/DaemonCommandExecution;)V+49
j  org.gradle.launcher.daemon.server.api.DaemonCommandExecution.proceed()Z+28
j  org.gradle.launcher.daemon.server.exec.StartBuildOrRespondWithBusy$1.run()V+44
j  org.gradle.launcher.daemon.server.DaemonStateCoordinator$1.run()V+4
J 3770 C1 org.gradle.internal.concurrent.ExecutorPolicy$CatchAndRecordFailures.onExecute(Ljava/lang/Runnable;)V (29 bytes) @ 0x0201d107 [0x0201d020+0xe7]
j  org.gradle.internal.concurrent.ManagedExecutorImpl$1.run()V+25
j  java.util.concurrent.ThreadPoolExecutor.runWorker(Ljava/util/concurrent/ThreadPoolExecutor$Worker;)V+95
j  java.util.concurrent.ThreadPoolExecutor$Worker.run()V+5
j  org.gradle.internal.concurrent.ThreadFactoryImpl$ManagedThreadRunnable.run()V+7
j  java.lang.Thread.run()V+11
v  ~StubRoutines::call_stub

---------------  P R O C E S S  ---------------

Java Threads: ( => current thread )
  0x55299400 JavaThread "ForkJoinPool.commonPool-worker-1" daemon [_thread_blocked, id=9584, stack(0x59270000,0x592c0000)]
  0x55298c00 JavaThread "Worker Daemon Execution Thread 7" [_thread_blocked, id=16580, stack(0x54f30000,0x54f80000)]
  0x55298800 JavaThread "Worker Daemon Execution Thread 6" [_thread_blocked, id=12656, stack(0x59130000,0x59180000)]
  0x55298000 JavaThread "Worker Daemon Execution Thread 5" [_thread_blocked, id=8212, stack(0x58af0000,0x58b40000)]
  0x538b4400 JavaThread "Worker Daemon Execution Thread 4" [_thread_blocked, id=14652, stack(0x59190000,0x591e0000)]
  0x538b5000 JavaThread "Worker Daemon Execution Thread 3" [_thread_blocked, id=17096, stack(0x54150000,0x541a0000)]
  0x538b4800 JavaThread "Worker Daemon Execution Thread 2" [_thread_blocked, id=276, stack(0x56b50000,0x56ba0000)]
  0x538b3c00 JavaThread "Worker Daemon Execution" [_thread_in_native, id=4520, stack(0x590e0000,0x59130000)]
  0x538b3400 JavaThread "Cache worker for task history cache (I:\AndroidStudioApp\FcmPusher\.gradle\4.1\taskHistory)" [_thread_blocked, id=15320, stack(0x54eb0000,0x54f00000)]
  0x538b2800 JavaThread "build operations" [_thread_blocked, id=5728, stack(0x56ae0000,0x56b30000)]
  0x538b2400 JavaThread "Cache worker for Artifact transforms cache (D:\Android\.gradle\caches\transforms-1)" [_thread_blocked, id=17072, stack(0x548d0000,0x54920000)]
  0x538b1c00 JavaThread "Cache worker for file hash cache (I:\AndroidStudioApp\FcmPusher\.gradle\4.1\fileHashes)" [_thread_blocked, id=15856, stack(0x54580000,0x545d0000)]
  0x538b1800 JavaThread "Stdin handler" [_thread_blocked, id=12424, stack(0x54620000,0x54670000)]
  0x538aec00 JavaThread "Asynchronous log dispatcher for DefaultDaemonConnection: socket connection from /127.0.0.1:12338 to /127.0.0.1:12412" [_thread_blocked, id=17872, stack(0x54800000,0x54850000)]
  0x538af800 JavaThread "Cancel handler" [_thread_blocked, id=9596, stack(0x54670000,0x546c0000)]
  0x538b1000 JavaThread "Handler for socket connection from /127.0.0.1:12338 to /127.0.0.1:12412" [_thread_in_native, id=10432, stack(0x543b0000,0x54400000)]
=>0x538b0800 JavaThread "Daemon worker Thread 3" [_thread_in_native, id=14008, stack(0x56750000,0x567a0000)]
  0x538adc00 JavaThread "Daemon Thread 3" [_thread_blocked, id=13548, stack(0x54500000,0x54550000)]
  0x538b0400 JavaThread "Memory manager" [_thread_blocked, id=17128, stack(0x56bb0000,0x56c00000)]
  0x539c5800 JavaThread "File lock request listener" [_thread_in_native, id=14080, stack(0x54920000,0x54970000)]
  0x52a28000 JavaThread "Cache worker for file hash cache (D:\Android\.gradle\caches\4.1\fileHashes)" [_thread_blocked, id=13188, stack(0x54880000,0x548d0000)]
  0x5320b800 JavaThread "Daemon periodic checks" [_thread_blocked, id=15348, stack(0x51a00000,0x51a50000)]
  0x53202800 JavaThread "Incoming local TCP Connector on port 12338" [_thread_in_native, id=17744, stack(0x541a0000,0x541f0000)]
  0x5166cc00 JavaThread "Service Thread" daemon [_thread_blocked, id=14836, stack(0x51bb0000,0x51c00000)]
  0x51621400 JavaThread "C1 CompilerThread1" daemon [_thread_blocked, id=9228, stack(0x51b10000,0x51b60000)]
  0x51618800 JavaThread "C2 CompilerThread0" daemon [_thread_blocked, id=13896, stack(0x01560000,0x015b0000)]
  0x51611800 JavaThread "Attach Listener" daemon [_thread_blocked, id=14956, stack(0x51a80000,0x51ad0000)]
  0x51610800 JavaThread "Signal Dispatcher" daemon [_thread_blocked, id=16596, stack(0x51870000,0x518c0000)]
  0x51601400 JavaThread "Finalizer" daemon [_thread_blocked, id=17952, stack(0x01150000,0x011a0000)]
  0x515dbc00 JavaThread "Reference Handler" daemon [_thread_blocked, id=16704, stack(0x51810000,0x51860000)]
  0x018e5000 JavaThread "main" [_thread_blocked, id=14584, stack(0x015c0000,0x01610000)]

Other Threads:
  0x515d1800 VMThread [stack: 0x518d0000,0x51920000] [id=17804]
  0x5166e000 WatcherThread [stack: 0x51c00000,0x51c50000] [id=14688]

VM state:not at safepoint (normal execution)

VM Mutex/Monitor currently owned by a thread: None

Heap:
 def new generation   total 30784K, used 17844K [0x10e00000, 0x12f60000, 0x26350000)
  eden space 27392K,  52% used [0x10e00000, 0x11c1d1b0, 0x128c0000)
  from space 3392K, 100% used [0x128c0000, 0x12c10000, 0x12c10000)
  to   space 3392K,   0% used [0x12c10000, 0x12c10000, 0x12f60000)
 tenured generation   total 68124K, used 61763K [0x26350000, 0x2a5d7000, 0x50e00000)
   the space 68124K,  90% used [0x26350000, 0x29fa0c60, 0x29fa0e00, 0x2a5d7000)
 Metaspace       used 45098K, capacity 46606K, committed 46720K, reserved 47488K

Card table byte_map: [0x50e00000,0x51010000] byte_map_base: 0x50d79000

Polling page: 0x004a0000

CodeCache: size=245760Kb used=29697Kb max_used=29716Kb free=216062Kb
 bounds [0x019e0000, 0x03708000, 0x109e0000]
 total_blobs=10641 nmethods=10150 adapters=413
 compilation: enabled

Compilation events (10 events):
Event: 388.885 Thread 0x51621400 12178       3       com.android.ide.common.blame.SourceFilePosition::<init> (15 bytes)
Event: 388.885 Thread 0x51621400 nmethod 12178 0x036d0ec8 code [0x036d0fe0, 0x036d1120]
Event: 388.903 Thread 0x51618800 12179       4       java.lang.Character::digit (10 bytes)
Event: 388.905 Thread 0x51618800 nmethod 12179 0x036d8948 code [0x036d8a40, 0x036d8b50]
Event: 388.905 Thread 0x51618800 12180       4       java.lang.Character::digit (6 bytes)
Event: 388.907 Thread 0x51618800 nmethod 12180 0x036d0b08 code [0x036d0c00, 0x036d0d10]
Event: 390.122 Thread 0x51621400 12181       3       org.gradle.cache.internal.AbstractFileAccess::<init> (5 bytes)
Event: 390.122 Thread 0x51621400 nmethod 12181 0x036d0848 code [0x036d0960, 0x036d0a80]
Event: 390.123 Thread 0x51618800 12182       4       org.gradle.launcher.daemon.context.DefaultDaemonContext$Serializer::read (155 bytes)
Event: 390.208 Thread 0x51618800 nmethod 12182 0x036fc648 code [0x036fc8e0, 0x036fe740]

GC Heap History (10 events):
Event: 375.816 GC heap before
{Heap before GC invocations=90 (full 4):
 def new generation   total 30784K, used 29802K [0x10e00000, 0x12f60000, 0x26350000)
  eden space 27392K, 100% used [0x10e00000, 0x128c0000, 0x128c0000)
  from space 3392K,  71% used [0x12c10000, 0x12e6a8b0, 0x12f60000)
  to   space 3392K,   0% used [0x128c0000, 0x128c0000, 0x12c10000)
 tenured generation   total 68124K, used 53040K [0x26350000, 0x2a5d7000, 0x50e00000)
   the space 68124K,  77% used [0x26350000, 0x2971c3e8, 0x2971c400, 0x2a5d7000)
 Metaspace       used 44139K, capacity 45607K, committed 45696K, reserved 46464K
Event: 375.840 GC heap after
Heap after GC invocations=91 (full 4):
 def new generation   total 30784K, used 1414K [0x10e00000, 0x12f60000, 0x26350000)
  eden space 27392K,   0% used [0x10e00000, 0x10e00000, 0x128c0000)
  from space 3392K,  41% used [0x128c0000, 0x12a21a60, 0x12c10000)
  to   space 3392K,   0% used [0x12c10000, 0x12c10000, 0x12f60000)
 tenured generation   total 68124K, used 54916K [0x26350000, 0x2a5d7000, 0x50e00000)
   the space 68124K,  80% used [0x26350000, 0x298f1140, 0x298f1200, 0x2a5d7000)
 Metaspace       used 44139K, capacity 45607K, committed 45696K, reserved 46464K
}
Event: 376.389 GC heap before
{Heap before GC invocations=91 (full 4):
 def new generation   total 30784K, used 28806K [0x10e00000, 0x12f60000, 0x26350000)
  eden space 27392K, 100% used [0x10e00000, 0x128c0000, 0x128c0000)
  from space 3392K,  41% used [0x128c0000, 0x12a21a60, 0x12c10000)
  to   space 3392K,   0% used [0x12c10000, 0x12c10000, 0x12f60000)
 tenured generation   total 68124K, used 54916K [0x26350000, 0x2a5d7000, 0x50e00000)
   the space 68124K,  80% used [0x26350000, 0x298f1140, 0x298f1200, 0x2a5d7000)
 Metaspace       used 44140K, capacity 45607K, committed 45696K, reserved 46464K
Event: 376.402 GC heap after
Heap after GC invocations=92 (full 4):
 def new generation   total 30784K, used 1810K [0x10e00000, 0x12f60000, 0x26350000)
  eden space 27392K,   0% used [0x10e00000, 0x10e00000, 0x128c0000)
  from space 3392K,  53% used [0x12c10000, 0x12dd4920, 0x12f60000)
  to   space 3392K,   0% used [0x128c0000, 0x128c0000, 0x12c10000)
 tenured generation   total 68124K, used 54916K [0x26350000, 0x2a5d7000, 0x50e00000)
   the space 68124K,  80% used [0x26350000, 0x298f1140, 0x298f1200, 0x2a5d7000)
 Metaspace       used 44140K, capacity 45607K, committed 45696K, reserved 46464K
}
Event: 380.565 GC heap before
{Heap before GC invocations=92 (full 4):
 def new generation   total 30784K, used 29202K [0x10e00000, 0x12f60000, 0x26350000)
  eden space 27392K, 100% used [0x10e00000, 0x128c0000, 0x128c0000)
  from space 3392K,  53% used [0x12c10000, 0x12dd4920, 0x12f60000)
  to   space 3392K,   0% used [0x128c0000, 0x128c0000, 0x12c10000)
 tenured generation   total 68124K, used 54916K [0x26350000, 0x2a5d7000, 0x50e00000)
   the space 68124K,  80% used [0x26350000, 0x298f1140, 0x298f1200, 0x2a5d7000)
 Metaspace       used 44204K, capacity 45634K, committed 45696K, reserved 46464K
Event: 380.591 GC heap after
Heap after GC invocations=93 (full 4):
 def new generation   total 30784K, used 2359K [0x10e00000, 0x12f60000, 0x26350000)
  eden space 27392K,   0% used [0x10e00000, 0x10e00000, 0x128c0000)
  from space 3392K,  69% used [0x128c0000, 0x12b0df50, 0x12c10000)
  to   space 3392K,   0% used [0x12c10000, 0x12c10000, 0x12f60000)
 tenured generation   total 68124K, used 56153K [0x26350000, 0x2a5d7000, 0x50e00000)
   the space 68124K,  82% used [0x26350000, 0x29a265f0, 0x29a26600, 0x2a5d7000)
 Metaspace       used 44204K, capacity 45634K, committed 45696K, reserved 46464K
}
Event: 385.466 GC heap before
{Heap before GC invocations=93 (full 4):
 def new generation   total 30784K, used 29751K [0x10e00000, 0x12f60000, 0x26350000)
  eden space 27392K, 100% used [0x10e00000, 0x128c0000, 0x128c0000)
  from space 3392K,  69% used [0x128c0000, 0x12b0df50, 0x12c10000)
  to   space 3392K,   0% used [0x12c10000, 0x12c10000, 0x12f60000)
 tenured generation   total 68124K, used 56153K [0x26350000, 0x2a5d7000, 0x50e00000)
   the space 68124K,  82% used [0x26350000, 0x29a265f0, 0x29a26600, 0x2a5d7000)
 Metaspace       used 44385K, capacity 45857K, committed 45952K, reserved 46464K
Event: 385.498 GC heap after
Heap after GC invocations=94 (full 4):
 def new generation   total 30784K, used 2762K [0x10e00000, 0x12f60000, 0x26350000)
  eden space 27392K,   0% used [0x10e00000, 0x10e00000, 0x128c0000)
  from space 3392K,  81% used [0x12c10000, 0x12ec2b38, 0x12f60000)
  to   space 3392K,   0% used [0x128c0000, 0x128c0000, 0x12c10000)
 tenured generation   total 68124K, used 58459K [0x26350000, 0x2a5d7000, 0x50e00000)
   the space 68124K,  85% used [0x26350000, 0x29c66db8, 0x29c66e00, 0x2a5d7000)
 Metaspace       used 44385K, capacity 45857K, committed 45952K, reserved 46464K
}
Event: 386.860 GC heap before
{Heap before GC invocations=94 (full 4):
 def new generation   total 30784K, used 30154K [0x10e00000, 0x12f60000, 0x26350000)
  eden space 27392K, 100% used [0x10e00000, 0x128c0000, 0x128c0000)
  from space 3392K,  81% used [0x12c10000, 0x12ec2b38, 0x12f60000)
  to   space 3392K,   0% used [0x128c0000, 0x128c0000, 0x12c10000)
 tenured generation   total 68124K, used 58459K [0x26350000, 0x2a5d7000, 0x50e00000)
   the space 68124K,  85% used [0x26350000, 0x29c66db8, 0x29c66e00, 0x2a5d7000)
 Metaspace       used 44523K, capacity 46025K, committed 46080K, reserved 46464K
Event: 386.909 GC heap after
Heap after GC invocations=95 (full 4):
 def new generation   total 30784K, used 3392K [0x10e00000, 0x12f60000, 0x26350000)
  eden space 27392K,   0% used [0x10e00000, 0x10e00000, 0x128c0000)
  from space 3392K, 100% used [0x128c0000, 0x12c10000, 0x12c10000)
  to   space 3392K,   0% used [0x12c10000, 0x12c10000, 0x12f60000)
 tenured generation   total 68124K, used 61763K [0x26350000, 0x2a5d7000, 0x50e00000)
   the space 68124K,  90% used [0x26350000, 0x29fa0c60, 0x29fa0e00, 0x2a5d7000)
 Metaspace       used 44523K, capacity 46025K, committed 46080K, reserved 46464K
}

Deoptimization events (10 events):
Event: 386.794 Thread 0x538b0800 Uncommon trap: reason=unstable_if action=reinterpret pc=0x0331e2c8 method=java.io.ObjectStreamClass.writeNonProxy(Ljava/io/ObjectOutputStream;)V @ 77
Event: 386.857 Thread 0x538b0800 Uncommon trap: reason=unstable_if action=reinterpret pc=0x034c7d6c method=java.io.WinNTFileSystem.prefixLength(Ljava/lang/String;)I @ 11
Event: 387.619 Thread 0x538b3c00 Uncommon trap: reason=class_check action=maybe_recompile pc=0x0277e294 method=java.lang.AbstractStringBuilder.append(Ljava/lang/CharSequence;)Ljava/lang/AbstractStringBuilder; @ 26
Event: 387.619 Thread 0x538b3c00 Uncommon trap: reason=class_check action=maybe_recompile pc=0x0240a1fc method=java.lang.AbstractStringBuilder.append(Ljava/lang/CharSequence;II)Ljava/lang/AbstractStringBuilder; @ 18
Event: 387.621 Thread 0x538b3c00 Uncommon trap: reason=class_check action=maybe_recompile pc=0x0277e294 method=java.lang.AbstractStringBuilder.append(Ljava/lang/CharSequence;)Ljava/lang/AbstractStringBuilder; @ 26
Event: 387.621 Thread 0x538b3c00 Uncommon trap: reason=class_check action=maybe_recompile pc=0x0240a1fc method=java.lang.AbstractStringBuilder.append(Ljava/lang/CharSequence;II)Ljava/lang/AbstractStringBuilder; @ 18
Event: 387.980 Thread 0x538b0800 Uncommon trap: reason=bimorphic action=maybe_recompile pc=0x032a5f48 method=com.android.ide.common.res2.NodeUtils.updateNamespace(Lorg/w3c/dom/Node;Lorg/w3c/dom/Document;)V @ 7
Event: 387.980 Thread 0x538b0800 Uncommon trap: reason=bimorphic action=maybe_recompile pc=0x032a5f48 method=com.android.ide.common.res2.NodeUtils.updateNamespace(Lorg/w3c/dom/Node;Lorg/w3c/dom/Document;)V @ 7
Event: 387.980 Thread 0x538b0800 Uncommon trap: reason=bimorphic action=maybe_recompile pc=0x032a5f48 method=com.android.ide.common.res2.NodeUtils.updateNamespace(Lorg/w3c/dom/Node;Lorg/w3c/dom/Document;)V @ 7
Event: 387.980 Thread 0x538b0800 Uncommon trap: reason=bimorphic action=maybe_recompile pc=0x032a5f48 method=com.android.ide.common.res2.NodeUtils.updateNamespace(Lorg/w3c/dom/Node;Lorg/w3c/dom/Document;)V @ 7

Classes redefined (0 events):
No events

Internal exceptions (10 events):
Event: 386.778 Thread 0x538b0800 Exception <a 'java/lang/NoSuchMethodError': <clinit>> (0x12582728) thrown at [D:\src\AOSP-openjdk-cygwin\jdk8u\hotspot\src\share\vm\prims\jni.cpp, line 1613]
Event: 386.791 Thread 0x538b0800 Exception <a 'java/lang/NoSuchMethodError': <clinit>> (0x12597a70) thrown at [D:\src\AOSP-openjdk-cygwin\jdk8u\hotspot\src\share\vm\prims\jni.cpp, line 1613]
Event: 386.798 Thread 0x538b0800 Exception <a 'java/lang/NoSuchMethodError': <clinit>> (0x126090f8) thrown at [D:\src\AOSP-openjdk-cygwin\jdk8u\hotspot\src\share\vm\prims\jni.cpp, line 1613]
Event: 386.802 Thread 0x538b0800 Exception <a 'java/lang/NoSuchMethodError': <clinit>> (0x1262f0f0) thrown at [D:\src\AOSP-openjdk-cygwin\jdk8u\hotspot\src\share\vm\prims\jni.cpp, line 1613]
Event: 386.803 Thread 0x538b0800 Exception <a 'java/lang/NoSuchMethodError': <clinit>> (0x12636df8) thrown at [D:\src\AOSP-openjdk-cygwin\jdk8u\hotspot\src\share\vm\prims\jni.cpp, line 1613]
Event: 386.803 Thread 0x538b0800 Exception <a 'java/lang/NoSuchMethodError': <clinit>> (0x1263a140) thrown at [D:\src\AOSP-openjdk-cygwin\jdk8u\hotspot\src\share\vm\prims\jni.cpp, line 1613]
Event: 386.804 Thread 0x538b0800 Exception <a 'java/lang/NoSuchMethodError': <clinit>> (0x12650b30) thrown at [D:\src\AOSP-openjdk-cygwin\jdk8u\hotspot\src\share\vm\prims\jni.cpp, line 1613]
Event: 386.806 Thread 0x538b0800 Exception <a 'java/lang/NoSuchMethodError': <clinit>> (0x1266dfb0) thrown at [D:\src\AOSP-openjdk-cygwin\jdk8u\hotspot\src\share\vm\prims\jni.cpp, line 1613]
Event: 386.807 Thread 0x538b0800 Exception <a 'java/lang/NoSuchMethodError': <clinit>> (0x12670e30) thrown at [D:\src\AOSP-openjdk-cygwin\jdk8u\hotspot\src\share\vm\prims\jni.cpp, line 1613]
Event: 386.816 Thread 0x538b0800 Exception <a 'java/lang/NoSuchMethodError': <clinit>> (0x12681d90) thrown at [D:\src\AOSP-openjdk-cygwin\jdk8u\hotspot\src\share\vm\prims\jni.cpp, line 1613]

Events (10 events):
Event: 390.320 loading class com/android/tools/aapt2/Aapt2Result$Builder done
Event: 390.320 loading class com/android/tools/aapt2/AutoValue_Aapt2Result$Builder
Event: 390.320 loading class com/android/tools/aapt2/AutoValue_Aapt2Result$Builder done
Event: 390.321 loading class java/awt/image/PackedColorModel done
Event: 390.321 loading class java/awt/image/DirectColorModel done
Event: 390.322 loading class java/awt/color/ColorSpace
Event: 390.323 loading class com/android/tools/aapt2/AutoValue_Aapt2Result
Event: 390.323 loading class com/android/tools/aapt2/AutoValue_Aapt2Result done
Event: 390.324 loading class java/awt/color/ColorSpace done
Event: 390.324 loading class java/awt/color/ICC_Profile


Dynamic libraries:
0x00360000 - 0x0038d000 	H:\Android Studio Preview.3.0.Beta6\android-studio\jre\bin\java.exe
0x77c60000 - 0x77d9c000 	C:\Windows\SYSTEM32\ntdll.dll
0x76920000 - 0x769f4000 	C:\Windows\system32\kernel32.dll
0x75ea0000 - 0x75eea000 	C:\Windows\system32\KERNELBASE.dll
0x77da0000 - 0x77e40000 	C:\Windows\system32\ADVAPI32.dll
0x76a10000 - 0x76abc000 	C:\Windows\system32\msvcrt.dll
0x765c0000 - 0x765d9000 	C:\Windows\SYSTEM32\sechost.dll
0x76290000 - 0x76331000 	C:\Windows\system32\RPCRT4.dll
0x77b90000 - 0x77c59000 	C:\Windows\system32\USER32.dll
0x77940000 - 0x7798e000 	C:\Windows\system32\GDI32.dll
0x76170000 - 0x7617a000 	C:\Windows\system32\LPK.dll
0x76c50000 - 0x76ced000 	C:\Windows\system32\USP10.dll
0x74e50000 - 0x74fee000 	C:\Windows\WinSxS\x86_microsoft.windows.common-controls_6595b64144ccf1df_6.0.7601.17514_none_41e6975e2bd6f2b2\COMCTL32.dll
0x76bf0000 - 0x76c47000 	C:\Windows\system32\SHLWAPI.dll
0x76150000 - 0x7616f000 	C:\Windows\system32\IMM32.DLL
0x76340000 - 0x7640c000 	C:\Windows\system32\MSCTF.dll
0x62520000 - 0x625df000 	H:\Android Studio Preview.3.0.Beta6\android-studio\jre\jre\bin\msvcr100.dll
0x51f90000 - 0x52571000 	H:\Android Studio Preview.3.0.Beta6\android-studio\jre\jre\bin\server\jvm.dll
0x74010000 - 0x74017000 	C:\Windows\system32\WSOCK32.dll
0x77b50000 - 0x77b85000 	C:\Windows\system32\WS2_32.dll
0x76410000 - 0x76416000 	C:\Windows\system32\NSI.dll
0x71f60000 - 0x71f92000 	C:\Windows\system32\WINMM.dll
0x752b0000 - 0x752b9000 	C:\Windows\system32\VERSION.dll
0x76be0000 - 0x76be5000 	C:\Windows\system32\PSAPI.DLL
0x6f4f0000 - 0x6f4fc000 	H:\Android Studio Preview.3.0.Beta6\android-studio\jre\jre\bin\verify.dll
0x6d470000 - 0x6d492000 	H:\Android Studio Preview.3.0.Beta6\android-studio\jre\jre\bin\java.dll
0x6d830000 - 0x6d843000 	H:\Android Studio Preview.3.0.Beta6\android-studio\jre\jre\bin\zip.dll
0x76cf0000 - 0x7793a000 	C:\Windows\system32\SHELL32.dll
0x766a0000 - 0x767fc000 	C:\Windows\system32\ole32.dll
0x75df0000 - 0x75dfb000 	C:\Windows\system32\profapi.dll
0x6a670000 - 0x6a685000 	H:\Android Studio Preview.3.0.Beta6\android-studio\jre\jre\bin\net.dll
0x75850000 - 0x7588c000 	C:\Windows\system32\mswsock.dll
0x75840000 - 0x75846000 	C:\Windows\System32\wship6.dll
0x6eed0000 - 0x6eedf000 	H:\Android Studio Preview.3.0.Beta6\android-studio\jre\jre\bin\nio.dll
0x6a7a0000 - 0x6a7b9000 	D:\Android\.gradle\native\25\windows-i386\native-platform.dll
0x6f3c0000 - 0x6f3ca000 	H:\Android Studio Preview.3.0.Beta6\android-studio\jre\jre\bin\management.dll
0x75890000 - 0x758a6000 	C:\Windows\system32\CRYPTSP.dll
0x75630000 - 0x7566b000 	C:\Windows\system32\rsaenh.dll
0x75450000 - 0x75467000 	C:\Windows\system32\USERENV.dll
0x75d40000 - 0x75d4c000 	C:\Windows\system32\CRYPTBASE.dll
0x73fe0000 - 0x73ffc000 	C:\Windows\system32\IPHLPAPI.DLL
0x73fd0000 - 0x73fd7000 	C:\Windows\system32\WINNSI.DLL
0x71420000 - 0x7142d000 	C:\Windows\system32\dhcpcsvc6.DLL
0x711c0000 - 0x711d2000 	C:\Windows\system32\dhcpcsvc.DLL
0x75cf0000 - 0x75d3c000 	C:\Windows\system32\apphelp.dll
0x64b40000 - 0x64b58000 	D:\Temp\aapt2_7446541090059693233\libwinpthread-1.dll
0x63940000 - 0x63c05000 	D:\Temp\aapt2_7446541090059693233\libaapt2_jni.dll
0x64b80000 - 0x64cc3000 	H:\Android Studio Preview.3.0.Beta6\android-studio\jre\jre\bin\awt.dll
0x76200000 - 0x7628f000 	C:\Windows\system32\OLEAUT32.dll
0x667a0000 - 0x6685a000 	C:\Windows\system32\d2d1.dll
0x714b0000 - 0x7159b000 	C:\Windows\system32\dbghelp.dll

VM Arguments:
jvm_args: -Xmx1024m -Dfile.encoding=windows-1256 -Duser.country=US -Duser.language=en -Duser.variant 
java_command: org.gradle.launcher.daemon.bootstrap.GradleDaemon 4.1
java_class_path (initial): D:\Android\.gradle\wrapper\dists\gradle-4.1-all\bzyivzo6n839fup2jbap0tjew\gradle-4.1\lib\gradle-launcher-4.1.jar
Launcher Type: SUN_STANDARD

Environment Variables:
PATH=F:\Program Files\ActiveState Komodo IDE 11;C:\ProgramData\Oracle\Java\javapath;C:\Windows\system32;C:\Windows;C:\Windows\System32\Wbem;C:\Windows\System32\WindowsPowerShell\v1.0;D:\Program Files\Git\cmd;D:\Program Files\Universal Extractor;D:\Program Files\Universal Extractor\bin;
USERNAME=Mojtaba
OS=Windows_NT
PROCESSOR_IDENTIFIER=x86 Family 15 Model 79 Stepping 2, AuthenticAMD



---------------  S Y S T E M  ---------------

OS: Windows 7 Build 7601 (6.1.7601.17651)

CPU:total 1 (initial active 1) (1 cores per cpu, 1 threads per core) family 15 model 79 stepping 2, cmov, cx8, fxsr, mmx, sse, sse2, sse3, mmxext, 3dnowpref, tsc

Memory: 4k page, physical 2096440k(121060k free), swap 4356064k(1141588k free)

vm_info: OpenJDK Server VM (25.152-b01) for windows-x86 JRE (1.8.0_152-release-915-b01), built by "builder" with MS VC++ 10.0 (VS2010)

time: Tue Sep 11 20:59:44 2018
elapsed time: 391 seconds (0d 0h 6m 31s)

